-------------------------------------------------------------------------------
Test set: xyz.anduo.myretrieval.lucene.DemoTest
-------------------------------------------------------------------------------
Tests run: 5, Failures: 0, Errors: 5, Skipped: 0, Time elapsed: 0.003 sec <<< FAILURE!
testSearcherDemo(xyz.anduo.myretrieval.lucene.DemoTest)  Time elapsed: 0.001 sec  <<< ERROR!
java.lang.NoClassDefFoundError: org/wltea/analyzer/lucene/IKAnalyzer
	at xyz.anduo.myretrieval.lucene.DemoTest.testSearcherDemo(DemoTest.java:40)
Caused by: java.lang.ClassNotFoundException: org.wltea.analyzer.lucene.IKAnalyzer
	at java.net.URLClassLoader$1.run(URLClassLoader.java:366)
	at java.net.URLClassLoader$1.run(URLClassLoader.java:355)
	at java.security.AccessController.doPrivileged(Native Method)
	at java.net.URLClassLoader.findClass(URLClassLoader.java:354)
	at java.lang.ClassLoader.loadClass(ClassLoader.java:425)
	at sun.misc.Launcher$AppClassLoader.loadClass(Launcher.java:308)
	at java.lang.ClassLoader.loadClass(ClassLoader.java:358)
	... 29 more

testDeleteIndex(xyz.anduo.myretrieval.lucene.DemoTest)  Time elapsed: 0 sec  <<< ERROR!
java.lang.NoClassDefFoundError: org/wltea/analyzer/lucene/IKAnalyzer
	at xyz.anduo.myretrieval.lucene.DemoTest.testDeleteIndex(DemoTest.java:47)
Caused by: java.lang.ClassNotFoundException: org.wltea.analyzer.lucene.IKAnalyzer
	at java.net.URLClassLoader$1.run(URLClassLoader.java:366)
	at java.net.URLClassLoader$1.run(URLClassLoader.java:355)
	at java.security.AccessController.doPrivileged(Native Method)
	at java.net.URLClassLoader.findClass(URLClassLoader.java:354)
	at java.lang.ClassLoader.loadClass(ClassLoader.java:425)
	at sun.misc.Launcher$AppClassLoader.loadClass(Launcher.java:308)
	at java.lang.ClassLoader.loadClass(ClassLoader.java:358)
	... 29 more

testUpdateIndex(xyz.anduo.myretrieval.lucene.DemoTest)  Time elapsed: 0 sec  <<< ERROR!
java.lang.NoClassDefFoundError: org/wltea/analyzer/lucene/IKAnalyzer
	at xyz.anduo.myretrieval.lucene.DemoTest.testUpdateIndex(DemoTest.java:53)
Caused by: java.lang.ClassNotFoundException: org.wltea.analyzer.lucene.IKAnalyzer
	at java.net.URLClassLoader$1.run(URLClassLoader.java:366)
	at java.net.URLClassLoader$1.run(URLClassLoader.java:355)
	at java.security.AccessController.doPrivileged(Native Method)
	at java.net.URLClassLoader.findClass(URLClassLoader.java:354)
	at java.lang.ClassLoader.loadClass(ClassLoader.java:425)
	at sun.misc.Launcher$AppClassLoader.loadClass(Launcher.java:308)
	at java.lang.ClassLoader.loadClass(ClassLoader.java:358)
	... 29 more

testHighlightSearcherDemo(xyz.anduo.myretrieval.lucene.DemoTest)  Time elapsed: 0 sec  <<< ERROR!
java.lang.NoClassDefFoundError: org/wltea/analyzer/lucene/IKAnalyzer
	at xyz.anduo.myretrieval.lucene.DemoTest.testHighlightSearcherDemo(DemoTest.java:60)
Caused by: java.lang.ClassNotFoundException: org.wltea.analyzer.lucene.IKAnalyzer
	at java.net.URLClassLoader$1.run(URLClassLoader.java:366)
	at java.net.URLClassLoader$1.run(URLClassLoader.java:355)
	at java.security.AccessController.doPrivileged(Native Method)
	at java.net.URLClassLoader.findClass(URLClassLoader.java:354)
	at java.lang.ClassLoader.loadClass(ClassLoader.java:425)
	at sun.misc.Launcher$AppClassLoader.loadClass(Launcher.java:308)
	at java.lang.ClassLoader.loadClass(ClassLoader.java:358)
	... 29 more

testIndexDemo(xyz.anduo.myretrieval.lucene.DemoTest)  Time elapsed: 0.001 sec  <<< ERROR!
java.lang.NoClassDefFoundError: org/wltea/analyzer/lucene/IKAnalyzer
	at xyz.anduo.myretrieval.lucene.DemoTest.testIndexDemo(DemoTest.java:15)
Caused by: java.lang.ClassNotFoundException: org.wltea.analyzer.lucene.IKAnalyzer
	at java.net.URLClassLoader$1.run(URLClassLoader.java:366)
	at java.net.URLClassLoader$1.run(URLClassLoader.java:355)
	at java.security.AccessController.doPrivileged(Native Method)
	at java.net.URLClassLoader.findClass(URLClassLoader.java:354)
	at java.lang.ClassLoader.loadClass(ClassLoader.java:425)
	at sun.misc.Launcher$AppClassLoader.loadClass(Launcher.java:308)
	at java.lang.ClassLoader.loadClass(ClassLoader.java:358)
	... 29 more

